<?xml version="1.0" encoding="utf-8"?>
<coverage line-rate="1" branch-rate="1" version="1.9" timestamp="1749103281" lines-covered="8" lines-valid="8" branches-covered="2" branches-valid="2">
  <sources>
    <source>/</source>
  </sources>
  <packages>
    <package name="Calculator.Domain" line-rate="1" branch-rate="1" complexity="5">
      <classes>
        <class name="Calculator.Domain.Calculator" filename="home/runner/work/lab-2025-i-si784-u2-08-cs-Aakhtar004/lab-2025-i-si784-u2-08-cs-Aakhtar004/Calculator/Calculator.Domain/Calculator.cs" line-rate="1" branch-rate="1" complexity="5">
          <methods>
            <method name="Add" signature="(System.Int32,System.Int32)" line-rate="1" branch-rate="1" complexity="1">
              <lines>
                <line number="14" hits="1" branch="False" />
              </lines>
            </method>
            <method name="Subtract" signature="(System.Int32,System.Int32)" line-rate="1" branch-rate="1" complexity="1">
              <lines>
                <line number="22" hits="1" branch="False" />
              </lines>
            </method>
            <method name="Multiply" signature="(System.Int32,System.Int32)" line-rate="1" branch-rate="1" complexity="1">
              <lines>
                <line number="30" hits="1" branch="False" />
              </lines>
            </method>
            <method name="Divide" signature="(System.Int32,System.Int32)" line-rate="1" branch-rate="1" complexity="2">
              <lines>
                <line number="40" hits="2" branch="False" />
                <line number="41" hits="2" branch="True" condition-coverage="100% (2/2)">
                  <conditions>
                    <condition number="7" type="jump" coverage="100%" />
                  </conditions>
                </line>
                <line number="42" hits="1" branch="False" />
                <line number="43" hits="1" branch="False" />
                <line number="44" hits="1" branch="False" />
              </lines>
            </method>
          </methods>
          <lines>
            <line number="14" hits="1" branch="False" />
            <line number="22" hits="1" branch="False" />
            <line number="30" hits="1" branch="False" />
            <line number="40" hits="2" branch="False" />
            <line number="41" hits="2" branch="True" condition-coverage="100% (2/2)">
              <conditions>
                <condition number="7" type="jump" coverage="100%" />
              </conditions>
            </line>
            <line number="42" hits="1" branch="False" />
            <line number="43" hits="1" branch="False" />
            <line number="44" hits="1" branch="False" />
          </lines>
        </class>
      </classes>
    </package>
  </packages>
</coverage>